[2017-12-13 19:04:44,843] TRACE [Controller id=0] Checking need to trigger auto leader balancing (kafka.controller.KafkaController)
[2017-12-13 19:04:44,846] DEBUG [Controller id=0] Preferred replicas by broker Map(0 -> Map(__consumer_offsets-19 -> Vector(0), __consumer_offsets-30 -> Vector(0), __consumer_offsets-47 -> Vector(0), __consumer_offsets-29 -> Vector(0), __consumer_offsets-41 -> Vector(0), __consumer_offsets-39 -> Vector(0), __consumer_offsets-10 -> Vector(0), __consumer_offsets-17 -> Vector(0), __consumer_offsets-14 -> Vector(0), __consumer_offsets-40 -> Vector(0), __consumer_offsets-18 -> Vector(0), __consumer_offsets-26 -> Vector(0), __consumer_offsets-0 -> Vector(0), __consumer_offsets-24 -> Vector(0), __consumer_offsets-33 -> Vector(0), __consumer_offsets-20 -> Vector(0), __consumer_offsets-21 -> Vector(0), __consumer_offsets-3 -> Vector(0), __consumer_offsets-22 -> Vector(0), __consumer_offsets-5 -> Vector(0), __consumer_offsets-12 -> Vector(0), topic2-0 -> Vector(0), __consumer_offsets-8 -> Vector(0), __consumer_offsets-23 -> Vector(0), __consumer_offsets-15 -> Vector(0), __consumer_offsets-11 -> Vector(0), __consumer_offsets-48 -> Vector(0), __consumer_offsets-13 -> Vector(0), __consumer_offsets-49 -> Vector(0), __consumer_offsets-6 -> Vector(0), __consumer_offsets-28 -> Vector(0), __consumer_offsets-4 -> Vector(0), __consumer_offsets-37 -> Vector(0), __consumer_offsets-31 -> Vector(0), __consumer_offsets-44 -> Vector(0), __consumer_offsets-42 -> Vector(0), __consumer_offsets-34 -> Vector(0), topic1-0 -> Vector(0), __consumer_offsets-46 -> Vector(0), __consumer_offsets-25 -> Vector(0), __consumer_offsets-45 -> Vector(0), __consumer_offsets-27 -> Vector(0), __consumer_offsets-32 -> Vector(0), __consumer_offsets-43 -> Vector(0), __consumer_offsets-36 -> Vector(0), __consumer_offsets-35 -> Vector(0), __consumer_offsets-7 -> Vector(0), test-0 -> Vector(0), __consumer_offsets-38 -> Vector(0), __consumer_offsets-9 -> Vector(0), __consumer_offsets-1 -> Vector(0), __consumer_offsets-2 -> Vector(0), __consumer_offsets-16 -> Vector(0))) (kafka.controller.KafkaController)
[2017-12-13 19:04:44,846] DEBUG [Controller id=0] Topics not in preferred replica Map() (kafka.controller.KafkaController)
[2017-12-13 19:04:44,846] TRACE [Controller id=0] Leader imbalance ratio for broker 0 is 0.0 (kafka.controller.KafkaController)
[2017-12-13 19:07:56,626] DEBUG preRegister called. Server=com.sun.jmx.mbeanserver.JmxMBeanServer@17579e0f, name=log4j:logger=kafka.controller (kafka.controller)
[2017-12-13 19:08:17,343] INFO [controller-event-thread]: Shutting down (kafka.controller.ControllerEventManager$ControllerEventThread)
[2017-12-13 19:08:17,343] INFO [controller-event-thread]: Stopped (kafka.controller.ControllerEventManager$ControllerEventThread)
[2017-12-13 19:08:17,343] INFO [controller-event-thread]: Shutdown completed (kafka.controller.ControllerEventManager$ControllerEventThread)
[2017-12-13 19:08:17,344] DEBUG [Controller id=0] Resigning (kafka.controller.KafkaController)
[2017-12-13 19:08:17,344] DEBUG [Controller id=0] De-registering IsrChangeNotificationListener (kafka.controller.KafkaController)
[2017-12-13 19:08:17,345] DEBUG [Controller id=0] De-registering logDirEventNotificationListener (kafka.controller.KafkaController)
[2017-12-13 19:08:17,347] INFO [PartitionStateMachine controllerId=0] Stopped partition state machine (kafka.controller.PartitionStateMachine)
[2017-12-13 19:08:17,348] INFO [ReplicaStateMachine controllerId=0] Stopped replica state machine (kafka.controller.ReplicaStateMachine)
[2017-12-13 19:08:17,348] INFO [Controller-0-to-broker-0-send-thread]: Shutting down (kafka.controller.RequestSendThread)
[2017-12-13 19:08:17,348] INFO [Controller-0-to-broker-0-send-thread]: Stopped (kafka.controller.RequestSendThread)
[2017-12-13 19:08:17,348] INFO [Controller-0-to-broker-0-send-thread]: Shutdown completed (kafka.controller.RequestSendThread)
[2017-12-13 19:08:17,350] INFO [Controller id=0] Resigned (kafka.controller.KafkaController)
[2017-12-13 19:09:10,712] INFO [controller-event-thread]: Starting (kafka.controller.ControllerEventManager$ControllerEventThread)
[2017-12-13 19:09:10,754] INFO [Controller id=0] 0 successfully elected as the controller (kafka.controller.KafkaController)
[2017-12-13 19:09:10,755] INFO [Controller id=0] Starting become controller state transition (kafka.controller.KafkaController)
[2017-12-13 19:09:10,757] INFO [Controller id=0] Initialized controller epoch to 7 and zk version 6 (kafka.controller.KafkaController)
[2017-12-13 19:09:10,779] INFO [Controller id=0] Incremented epoch to 8 (kafka.controller.KafkaController)
[2017-12-13 19:09:10,783] DEBUG [Controller id=0] Registering IsrChangeNotificationListener (kafka.controller.KafkaController)
[2017-12-13 19:09:10,792] DEBUG [Controller id=0] Registering logDirEventNotificationListener (kafka.controller.KafkaController)
[2017-12-13 19:09:10,887] INFO [Controller id=0] Partitions being reassigned: Map() (kafka.controller.KafkaController)
[2017-12-13 19:09:10,887] INFO [Controller id=0] Partitions already reassigned: Set() (kafka.controller.KafkaController)
[2017-12-13 19:09:10,888] INFO [Controller id=0] Resuming reassignment of partitions: Map() (kafka.controller.KafkaController)
[2017-12-13 19:09:10,888] INFO [Controller id=0] Currently active brokers in the cluster: Set() (kafka.controller.KafkaController)
[2017-12-13 19:09:10,889] INFO [Controller id=0] Currently shutting brokers in the cluster: Set() (kafka.controller.KafkaController)
[2017-12-13 19:09:10,889] INFO [Controller id=0] Current list of topics in the cluster: Set(topic1, topic2, test, __consumer_offsets) (kafka.controller.KafkaController)
[2017-12-13 19:09:10,892] INFO [Controller id=0] List of topics to be deleted:  (kafka.controller.KafkaController)
[2017-12-13 19:09:10,892] INFO [Controller id=0] List of topics ineligible for deletion: __consumer_offsets,topic2,topic1,test (kafka.controller.KafkaController)
[2017-12-13 19:09:10,921] INFO [ReplicaStateMachine controllerId=0] Started replica state machine with initial state -> Map([Topic=__consumer_offsets,Partition=39,Replica=0] -> ReplicaDeletionIneligible, [Topic=__consumer_offsets,Partition=21,Replica=0] -> ReplicaDeletionIneligible, [Topic=__consumer_offsets,Partition=6,Replica=0] -> ReplicaDeletionIneligible, [Topic=__consumer_offsets,Partition=33,Replica=0] -> ReplicaDeletionIneligible, [Topic=__consumer_offsets,Partition=12,Replica=0] -> ReplicaDeletionIneligible, [Topic=__consumer_offsets,Partition=17,Replica=0] -> ReplicaDeletionIneligible, [Topic=__consumer_offsets,Partition=9,Replica=0] -> ReplicaDeletionIneligible, [Topic=__consumer_offsets,Partition=20,Replica=0] -> ReplicaDeletionIneligible, [Topic=__consumer_offsets,Partition=3,Replica=0] -> ReplicaDeletionIneligible, [Topic=__consumer_offsets,Partition=19,Replica=0] -> ReplicaDeletionIneligible, [Topic=__consumer_offsets,Partition=49,Replica=0] -> ReplicaDeletionIneligible, [Topic=__consumer_offsets,Partition=45,Replica=0] -> ReplicaDeletionIneligible, [Topic=__consumer_offsets,Partition=22,Replica=0] -> ReplicaDeletionIneligible, [Topic=__consumer_offsets,Partition=27,Replica=0] -> ReplicaDeletionIneligible, [Topic=__consumer_offsets,Partition=32,Replica=0] -> ReplicaDeletionIneligible, [Topic=__consumer_offsets,Partition=11,Replica=0] -> ReplicaDeletionIneligible, [Topic=__consumer_offsets,Partition=42,Replica=0] -> ReplicaDeletionIneligible, [Topic=__consumer_offsets,Partition=38,Replica=0] -> ReplicaDeletionIneligible, [Topic=__consumer_offsets,Partition=48,Replica=0] -> ReplicaDeletionIneligible, [Topic=__consumer_offsets,Partition=43,Replica=0] -> ReplicaDeletionIneligible, [Topic=__consumer_offsets,Partition=8,Replica=0] -> ReplicaDeletionIneligible, [Topic=__consumer_offsets,Partition=28,Replica=0] -> ReplicaDeletionIneligible, [Topic=__consumer_offsets,Partition=2,Replica=0] -> ReplicaDeletionIneligible, [Topic=__consumer_offsets,Partition=29,Replica=0] -> ReplicaDeletionIneligible, [Topic=__consumer_offsets,Partition=36,Replica=0] -> ReplicaDeletionIneligible, [Topic=__consumer_offsets,Partition=40,Replica=0] -> ReplicaDeletionIneligible, [Topic=__consumer_offsets,Partition=16,Replica=0] -> ReplicaDeletionIneligible, [Topic=test,Partition=0,Replica=0] -> ReplicaDeletionIneligible, [Topic=__consumer_offsets,Partition=15,Replica=0] -> ReplicaDeletionIneligible, [Topic=__consumer_offsets,Partition=1,Replica=0] -> ReplicaDeletionIneligible, [Topic=__consumer_offsets,Partition=46,Replica=0] -> ReplicaDeletionIneligible, [Topic=__consumer_offsets,Partition=44,Replica=0] -> ReplicaDeletionIneligible, [Topic=__consumer_offsets,Partition=23,Replica=0] -> ReplicaDeletionIneligible, [Topic=__consumer_offsets,Partition=4,Replica=0] -> ReplicaDeletionIneligible, [Topic=__consumer_offsets,Partition=26,Replica=0] -> ReplicaDeletionIneligible, [Topic=__consumer_offsets,Partition=30,Replica=0] -> ReplicaDeletionIneligible, [Topic=__consumer_offsets,Partition=34,Replica=0] -> ReplicaDeletionIneligible, [Topic=__consumer_offsets,Partition=37,Replica=0] -> ReplicaDeletionIneligible, [Topic=__consumer_offsets,Partition=10,Replica=0] -> ReplicaDeletionIneligible, [Topic=__consumer_offsets,Partition=18,Replica=0] -> ReplicaDeletionIneligible, [Topic=__consumer_offsets,Partition=7,Replica=0] -> ReplicaDeletionIneligible, [Topic=__consumer_offsets,Partition=31,Replica=0] -> ReplicaDeletionIneligible, [Topic=__consumer_offsets,Partition=24,Replica=0] -> ReplicaDeletionIneligible, [Topic=__consumer_offsets,Partition=41,Replica=0] -> ReplicaDeletionIneligible, [Topic=__consumer_offsets,Partition=0,Replica=0] -> ReplicaDeletionIneligible, [Topic=__consumer_offsets,Partition=14,Replica=0] -> ReplicaDeletionIneligible, [Topic=__consumer_offsets,Partition=5,Replica=0] -> ReplicaDeletionIneligible, [Topic=topic1,Partition=0,Replica=0] -> ReplicaDeletionIneligible, [Topic=__consumer_offsets,Partition=13,Replica=0] -> ReplicaDeletionIneligible, [Topic=__consumer_offsets,Partition=25,Replica=0] -> ReplicaDeletionIneligible, [Topic=__consumer_offsets,Partition=47,Replica=0] -> ReplicaDeletionIneligible, [Topic=topic2,Partition=0,Replica=0] -> ReplicaDeletionIneligible, [Topic=__consumer_offsets,Partition=35,Replica=0] -> ReplicaDeletionIneligible) (kafka.controller.ReplicaStateMachine)
[2017-12-13 19:09:11,048] INFO [PartitionStateMachine controllerId=0] Started partition state machine with initial state -> Map(__consumer_offsets-19 -> OfflinePartition, __consumer_offsets-30 -> OfflinePartition, __consumer_offsets-47 -> OfflinePartition, __consumer_offsets-29 -> OfflinePartition, __consumer_offsets-41 -> OfflinePartition, __consumer_offsets-39 -> OfflinePartition, __consumer_offsets-10 -> OfflinePartition, __consumer_offsets-17 -> OfflinePartition, __consumer_offsets-14 -> OfflinePartition, __consumer_offsets-40 -> OfflinePartition, __consumer_offsets-18 -> OfflinePartition, __consumer_offsets-26 -> OfflinePartition, __consumer_offsets-0 -> OfflinePartition, __consumer_offsets-24 -> OfflinePartition, __consumer_offsets-33 -> OfflinePartition, __consumer_offsets-20 -> OfflinePartition, __consumer_offsets-21 -> OfflinePartition, __consumer_offsets-3 -> OfflinePartition, __consumer_offsets-22 -> OfflinePartition, __consumer_offsets-5 -> OfflinePartition, __consumer_offsets-12 -> OfflinePartition, topic2-0 -> OfflinePartition, __consumer_offsets-8 -> OfflinePartition, __consumer_offsets-23 -> OfflinePartition, __consumer_offsets-15 -> OfflinePartition, __consumer_offsets-11 -> OfflinePartition, __consumer_offsets-48 -> OfflinePartition, __consumer_offsets-13 -> OfflinePartition, __consumer_offsets-49 -> OfflinePartition, __consumer_offsets-6 -> OfflinePartition, __consumer_offsets-28 -> OfflinePartition, __consumer_offsets-4 -> OfflinePartition, __consumer_offsets-37 -> OfflinePartition, __consumer_offsets-31 -> OfflinePartition, __consumer_offsets-44 -> OfflinePartition, __consumer_offsets-42 -> OfflinePartition, __consumer_offsets-34 -> OfflinePartition, topic1-0 -> OfflinePartition, __consumer_offsets-46 -> OfflinePartition, __consumer_offsets-25 -> OfflinePartition, __consumer_offsets-45 -> OfflinePartition, __consumer_offsets-27 -> OfflinePartition, __consumer_offsets-32 -> OfflinePartition, __consumer_offsets-43 -> OfflinePartition, __consumer_offsets-36 -> OfflinePartition, __consumer_offsets-35 -> OfflinePartition, __consumer_offsets-7 -> OfflinePartition, test-0 -> OfflinePartition, __consumer_offsets-38 -> OfflinePartition, __consumer_offsets-9 -> OfflinePartition, __consumer_offsets-1 -> OfflinePartition, __consumer_offsets-2 -> OfflinePartition, __consumer_offsets-16 -> OfflinePartition) (kafka.controller.PartitionStateMachine)
[2017-12-13 19:09:11,051] INFO [Controller id=0] Ready to serve as the new controller with epoch 8 (kafka.controller.KafkaController)
[2017-12-13 19:09:11,053] INFO [Controller id=0] Partitions undergoing preferred replica election:  (kafka.controller.KafkaController)
[2017-12-13 19:09:11,053] INFO [Controller id=0] Partitions that completed preferred replica election:  (kafka.controller.KafkaController)
[2017-12-13 19:09:11,053] INFO [Controller id=0] Skipping preferred replica election for partitions due to topic deletion:  (kafka.controller.KafkaController)
[2017-12-13 19:09:11,054] INFO [Controller id=0] Resuming preferred replica election for partitions:  (kafka.controller.KafkaController)
[2017-12-13 19:09:11,054] INFO [Controller id=0] Starting preferred replica leader election for partitions  (kafka.controller.KafkaController)
[2017-12-13 19:09:11,054] INFO [PartitionStateMachine controllerId=0] Invoking state change to OnlinePartition for partitions  (kafka.controller.PartitionStateMachine)
[2017-12-13 19:09:11,064] INFO [Controller id=0] Starting the controller scheduler (kafka.controller.KafkaController)
[2017-12-13 19:09:11,073] INFO [Controller id=0] Newly added brokers: 0, deleted brokers: , all live brokers: 0 (kafka.controller.KafkaController)
[2017-12-13 19:09:11,074] DEBUG [Channel manager on controller 0]: Controller 0 trying to connect to broker 0 (kafka.controller.ControllerChannelManager)
[2017-12-13 19:09:11,079] INFO [Controller-0-to-broker-0-send-thread]: Starting (kafka.controller.RequestSendThread)
[2017-12-13 19:09:11,079] INFO [Controller id=0] New broker startup callback for 0 (kafka.controller.KafkaController)
[2017-12-13 19:09:11,093] INFO [Controller-0-to-broker-0-send-thread]: Controller 0 connected to 192.168.1.17:9092 (id: 0 rack: null) for sending state change requests (kafka.controller.RequestSendThread)
[2017-12-13 19:09:11,094] INFO [ReplicaStateMachine controllerId=0] Invoking state change to OnlineReplica for replicas [Topic=__consumer_offsets,Partition=25,Replica=0],[Topic=__consumer_offsets,Partition=12,Replica=0],[Topic=__consumer_offsets,Partition=31,Replica=0],[Topic=__consumer_offsets,Partition=40,Replica=0],[Topic=__consumer_offsets,Partition=35,Replica=0],[Topic=test,Partition=0,Replica=0],[Topic=__consumer_offsets,Partition=9,Replica=0],[Topic=__consumer_offsets,Partition=43,Replica=0],[Topic=__consumer_offsets,Partition=2,Replica=0],[Topic=__consumer_offsets,Partition=11,Replica=0],[Topic=__consumer_offsets,Partition=29,Replica=0],[Topic=__consumer_offsets,Partition=30,Replica=0],[Topic=__consumer_offsets,Partition=4,Replica=0],[Topic=__consumer_offsets,Partition=42,Replica=0],[Topic=__consumer_offsets,Partition=26,Replica=0],[Topic=__consumer_offsets,Partition=34,Replica=0],[Topic=__consumer_offsets,Partition=17,Replica=0],[Topic=topic1,Partition=0,Replica=0],[Topic=__consumer_offsets,Partition=37,Replica=0],[Topic=__consumer_offsets,Partition=27,Replica=0],[Topic=__consumer_offsets,Partition=10,Replica=0],[Topic=__consumer_offsets,Partition=41,Replica=0],[Topic=__consumer_offsets,Partition=20,Replica=0],[Topic=__consumer_offsets,Partition=28,Replica=0],[Topic=__consumer_offsets,Partition=46,Replica=0],[Topic=__consumer_offsets,Partition=39,Replica=0],[Topic=__consumer_offsets,Partition=47,Replica=0],[Topic=__consumer_offsets,Partition=49,Replica=0],[Topic=__consumer_offsets,Partition=22,Replica=0],[Topic=topic2,Partition=0,Replica=0],[Topic=__consumer_offsets,Partition=1,Replica=0],[Topic=__consumer_offsets,Partition=24,Replica=0],[Topic=__consumer_offsets,Partition=6,Replica=0],[Topic=__consumer_offsets,Partition=36,Replica=0],[Topic=__consumer_offsets,Partition=8,Replica=0],[Topic=__consumer_offsets,Partition=38,Replica=0],[Topic=__consumer_offsets,Partition=16,Replica=0],[Topic=__consumer_offsets,Partition=21,Replica=0],[Topic=__consumer_offsets,Partition=18,Replica=0],[Topic=__consumer_offsets,Partition=0,Replica=0],[Topic=__consumer_offsets,Partition=48,Replica=0],[Topic=__consumer_offsets,Partition=5,Replica=0],[Topic=__consumer_offsets,Partition=13,Replica=0],[Topic=__consumer_offsets,Partition=3,Replica=0],[Topic=__consumer_offsets,Partition=44,Replica=0],[Topic=__consumer_offsets,Partition=15,Replica=0],[Topic=__consumer_offsets,Partition=7,Replica=0],[Topic=__consumer_offsets,Partition=19,Replica=0],[Topic=__consumer_offsets,Partition=33,Replica=0],[Topic=__consumer_offsets,Partition=45,Replica=0],[Topic=__consumer_offsets,Partition=23,Replica=0],[Topic=__consumer_offsets,Partition=32,Replica=0],[Topic=__consumer_offsets,Partition=14,Replica=0] (kafka.controller.ReplicaStateMachine)
[2017-12-13 19:09:11,116] DEBUG [OfflinePartitionLeaderSelector]: Some broker in ISR is alive for __consumer_offsets-19. Select 0 from ISR 0 to be the leader. (kafka.controller.OfflinePartitionLeaderSelector)
[2017-12-13 19:09:11,116] INFO [OfflinePartitionLeaderSelector]: Selected new leader and ISR {"leader":0,"leader_epoch":7,"isr":[0]} for offline partition __consumer_offsets-19 (kafka.controller.OfflinePartitionLeaderSelector)
[2017-12-13 19:09:11,124] DEBUG [PartitionStateMachine controllerId=0] After leader election, leader cache for __consumer_offsets-19 is updated to (Leader:0,ISR:0,LeaderEpoch:7,ControllerEpoch:8) (kafka.controller.PartitionStateMachine)
[2017-12-13 19:09:11,126] DEBUG [OfflinePartitionLeaderSelector]: Some broker in ISR is alive for __consumer_offsets-30. Select 0 from ISR 0 to be the leader. (kafka.controller.OfflinePartitionLeaderSelector)
[2017-12-13 19:09:11,126] INFO [OfflinePartitionLeaderSelector]: Selected new leader and ISR {"leader":0,"leader_epoch":7,"isr":[0]} for offline partition __consumer_offsets-30 (kafka.controller.OfflinePartitionLeaderSelector)
[2017-12-13 19:09:11,135] DEBUG [PartitionStateMachine controllerId=0] After leader election, leader cache for __consumer_offsets-30 is updated to (Leader:0,ISR:0,LeaderEpoch:7,ControllerEpoch:8) (kafka.controller.PartitionStateMachine)
[2017-12-13 19:09:11,136] DEBUG [OfflinePartitionLeaderSelector]: Some broker in ISR is alive for __consumer_offsets-47. Select 0 from ISR 0 to be the leader. (kafka.controller.OfflinePartitionLeaderSelector)
[2017-12-13 19:09:11,137] INFO [OfflinePartitionLeaderSelector]: Selected new leader and ISR {"leader":0,"leader_epoch":7,"isr":[0]} for offline partition __consumer_offsets-47 (kafka.controller.OfflinePartitionLeaderSelector)
[2017-12-13 19:09:11,144] DEBUG [PartitionStateMachine controllerId=0] After leader election, leader cache for __consumer_offsets-47 is updated to (Leader:0,ISR:0,LeaderEpoch:7,ControllerEpoch:8) (kafka.controller.PartitionStateMachine)
[2017-12-13 19:09:11,145] DEBUG [OfflinePartitionLeaderSelector]: Some broker in ISR is alive for __consumer_offsets-29. Select 0 from ISR 0 to be the leader. (kafka.controller.OfflinePartitionLeaderSelector)
[2017-12-13 19:09:11,145] INFO [OfflinePartitionLeaderSelector]: Selected new leader and ISR {"leader":0,"leader_epoch":7,"isr":[0]} for offline partition __consumer_offsets-29 (kafka.controller.OfflinePartitionLeaderSelector)
[2017-12-13 19:09:11,153] DEBUG [PartitionStateMachine controllerId=0] After leader election, leader cache for __consumer_offsets-29 is updated to (Leader:0,ISR:0,LeaderEpoch:7,ControllerEpoch:8) (kafka.controller.PartitionStateMachine)
[2017-12-13 19:09:11,154] DEBUG [OfflinePartitionLeaderSelector]: Some broker in ISR is alive for __consumer_offsets-41. Select 0 from ISR 0 to be the leader. (kafka.controller.OfflinePartitionLeaderSelector)
[2017-12-13 19:09:11,154] INFO [OfflinePartitionLeaderSelector]: Selected new leader and ISR {"leader":0,"leader_epoch":7,"isr":[0]} for offline partition __consumer_offsets-41 (kafka.controller.OfflinePartitionLeaderSelector)
[2017-12-13 19:09:11,162] DEBUG [PartitionStateMachine controllerId=0] After leader election, leader cache for __consumer_offsets-41 is updated to (Leader:0,ISR:0,LeaderEpoch:7,ControllerEpoch:8) (kafka.controller.PartitionStateMachine)
[2017-12-13 19:09:11,163] DEBUG [OfflinePartitionLeaderSelector]: Some broker in ISR is alive for __consumer_offsets-39. Select 0 from ISR 0 to be the leader. (kafka.controller.OfflinePartitionLeaderSelector)
[2017-12-13 19:09:11,163] INFO [OfflinePartitionLeaderSelector]: Selected new leader and ISR {"leader":0,"leader_epoch":7,"isr":[0]} for offline partition __consumer_offsets-39 (kafka.controller.OfflinePartitionLeaderSelector)
[2017-12-13 19:09:11,171] DEBUG [PartitionStateMachine controllerId=0] After leader election, leader cache for __consumer_offsets-39 is updated to (Leader:0,ISR:0,LeaderEpoch:7,ControllerEpoch:8) (kafka.controller.PartitionStateMachine)
[2017-12-13 19:09:11,172] DEBUG [OfflinePartitionLeaderSelector]: Some broker in ISR is alive for __consumer_offsets-10. Select 0 from ISR 0 to be the leader. (kafka.controller.OfflinePartitionLeaderSelector)
[2017-12-13 19:09:11,172] INFO [OfflinePartitionLeaderSelector]: Selected new leader and ISR {"leader":0,"leader_epoch":7,"isr":[0]} for offline partition __consumer_offsets-10 (kafka.controller.OfflinePartitionLeaderSelector)
[2017-12-13 19:09:11,180] DEBUG [PartitionStateMachine controllerId=0] After leader election, leader cache for __consumer_offsets-10 is updated to (Leader:0,ISR:0,LeaderEpoch:7,ControllerEpoch:8) (kafka.controller.PartitionStateMachine)
[2017-12-13 19:09:11,181] DEBUG [OfflinePartitionLeaderSelector]: Some broker in ISR is alive for __consumer_offsets-17. Select 0 from ISR 0 to be the leader. (kafka.controller.OfflinePartitionLeaderSelector)
[2017-12-13 19:09:11,181] INFO [OfflinePartitionLeaderSelector]: Selected new leader and ISR {"leader":0,"leader_epoch":7,"isr":[0]} for offline partition __consumer_offsets-17 (kafka.controller.OfflinePartitionLeaderSelector)
[2017-12-13 19:09:11,193] DEBUG [PartitionStateMachine controllerId=0] After leader election, leader cache for __consumer_offsets-17 is updated to (Leader:0,ISR:0,LeaderEpoch:7,ControllerEpoch:8) (kafka.controller.PartitionStateMachine)
[2017-12-13 19:09:11,194] DEBUG [OfflinePartitionLeaderSelector]: Some broker in ISR is alive for __consumer_offsets-14. Select 0 from ISR 0 to be the leader. (kafka.controller.OfflinePartitionLeaderSelector)
[2017-12-13 19:09:11,194] INFO [OfflinePartitionLeaderSelector]: Selected new leader and ISR {"leader":0,"leader_epoch":7,"isr":[0]} for offline partition __consumer_offsets-14 (kafka.controller.OfflinePartitionLeaderSelector)
[2017-12-13 19:09:11,205] DEBUG [PartitionStateMachine controllerId=0] After leader election, leader cache for __consumer_offsets-14 is updated to (Leader:0,ISR:0,LeaderEpoch:7,ControllerEpoch:8) (kafka.controller.PartitionStateMachine)
[2017-12-13 19:09:11,207] DEBUG [OfflinePartitionLeaderSelector]: Some broker in ISR is alive for __consumer_offsets-40. Select 0 from ISR 0 to be the leader. (kafka.controller.OfflinePartitionLeaderSelector)
[2017-12-13 19:09:11,207] INFO [OfflinePartitionLeaderSelector]: Selected new leader and ISR {"leader":0,"leader_epoch":7,"isr":[0]} for offline partition __consumer_offsets-40 (kafka.controller.OfflinePartitionLeaderSelector)
[2017-12-13 19:09:11,223] DEBUG [PartitionStateMachine controllerId=0] After leader election, leader cache for __consumer_offsets-40 is updated to (Leader:0,ISR:0,LeaderEpoch:7,ControllerEpoch:8) (kafka.controller.PartitionStateMachine)
[2017-12-13 19:09:11,224] DEBUG [OfflinePartitionLeaderSelector]: Some broker in ISR is alive for __consumer_offsets-18. Select 0 from ISR 0 to be the leader. (kafka.controller.OfflinePartitionLeaderSelector)
[2017-12-13 19:09:11,224] INFO [OfflinePartitionLeaderSelector]: Selected new leader and ISR {"leader":0,"leader_epoch":7,"isr":[0]} for offline partition __consumer_offsets-18 (kafka.controller.OfflinePartitionLeaderSelector)
[2017-12-13 19:09:11,235] DEBUG [PartitionStateMachine controllerId=0] After leader election, leader cache for __consumer_offsets-18 is updated to (Leader:0,ISR:0,LeaderEpoch:7,ControllerEpoch:8) (kafka.controller.PartitionStateMachine)
[2017-12-13 19:09:11,249] DEBUG [OfflinePartitionLeaderSelector]: Some broker in ISR is alive for __consumer_offsets-26. Select 0 from ISR 0 to be the leader. (kafka.controller.OfflinePartitionLeaderSelector)
[2017-12-13 19:09:11,249] INFO [OfflinePartitionLeaderSelector]: Selected new leader and ISR {"leader":0,"leader_epoch":7,"isr":[0]} for offline partition __consumer_offsets-26 (kafka.controller.OfflinePartitionLeaderSelector)
[2017-12-13 19:09:11,259] DEBUG [PartitionStateMachine controllerId=0] After leader election, leader cache for __consumer_offsets-26 is updated to (Leader:0,ISR:0,LeaderEpoch:7,ControllerEpoch:8) (kafka.controller.PartitionStateMachine)
[2017-12-13 19:09:11,261] DEBUG [OfflinePartitionLeaderSelector]: Some broker in ISR is alive for __consumer_offsets-0. Select 0 from ISR 0 to be the leader. (kafka.controller.OfflinePartitionLeaderSelector)
[2017-12-13 19:09:11,261] INFO [OfflinePartitionLeaderSelector]: Selected new leader and ISR {"leader":0,"leader_epoch":7,"isr":[0]} for offline partition __consumer_offsets-0 (kafka.controller.OfflinePartitionLeaderSelector)
[2017-12-13 19:09:11,273] DEBUG [PartitionStateMachine controllerId=0] After leader election, leader cache for __consumer_offsets-0 is updated to (Leader:0,ISR:0,LeaderEpoch:7,ControllerEpoch:8) (kafka.controller.PartitionStateMachine)
[2017-12-13 19:09:11,275] DEBUG [OfflinePartitionLeaderSelector]: Some broker in ISR is alive for __consumer_offsets-24. Select 0 from ISR 0 to be the leader. (kafka.controller.OfflinePartitionLeaderSelector)
[2017-12-13 19:09:11,275] INFO [OfflinePartitionLeaderSelector]: Selected new leader and ISR {"leader":0,"leader_epoch":7,"isr":[0]} for offline partition __consumer_offsets-24 (kafka.controller.OfflinePartitionLeaderSelector)
[2017-12-13 19:09:11,284] DEBUG [PartitionStateMachine controllerId=0] After leader election, leader cache for __consumer_offsets-24 is updated to (Leader:0,ISR:0,LeaderEpoch:7,ControllerEpoch:8) (kafka.controller.PartitionStateMachine)
[2017-12-13 19:09:11,285] DEBUG [OfflinePartitionLeaderSelector]: Some broker in ISR is alive for __consumer_offsets-33. Select 0 from ISR 0 to be the leader. (kafka.controller.OfflinePartitionLeaderSelector)
[2017-12-13 19:09:11,285] INFO [OfflinePartitionLeaderSelector]: Selected new leader and ISR {"leader":0,"leader_epoch":7,"isr":[0]} for offline partition __consumer_offsets-33 (kafka.controller.OfflinePartitionLeaderSelector)
[2017-12-13 19:09:11,294] DEBUG [PartitionStateMachine controllerId=0] After leader election, leader cache for __consumer_offsets-33 is updated to (Leader:0,ISR:0,LeaderEpoch:7,ControllerEpoch:8) (kafka.controller.PartitionStateMachine)
[2017-12-13 19:09:11,296] DEBUG [OfflinePartitionLeaderSelector]: Some broker in ISR is alive for __consumer_offsets-20. Select 0 from ISR 0 to be the leader. (kafka.controller.OfflinePartitionLeaderSelector)
[2017-12-13 19:09:11,296] INFO [OfflinePartitionLeaderSelector]: Selected new leader and ISR {"leader":0,"leader_epoch":7,"isr":[0]} for offline partition __consumer_offsets-20 (kafka.controller.OfflinePartitionLeaderSelector)
[2017-12-13 19:09:11,304] DEBUG [PartitionStateMachine controllerId=0] After leader election, leader cache for __consumer_offsets-20 is updated to (Leader:0,ISR:0,LeaderEpoch:7,ControllerEpoch:8) (kafka.controller.PartitionStateMachine)
[2017-12-13 19:09:11,307] DEBUG [OfflinePartitionLeaderSelector]: Some broker in ISR is alive for __consumer_offsets-21. Select 0 from ISR 0 to be the leader. (kafka.controller.OfflinePartitionLeaderSelector)
[2017-12-13 19:09:11,307] INFO [OfflinePartitionLeaderSelector]: Selected new leader and ISR {"leader":0,"leader_epoch":7,"isr":[0]} for offline partition __consumer_offsets-21 (kafka.controller.OfflinePartitionLeaderSelector)
[2017-12-13 19:09:11,318] DEBUG [PartitionStateMachine controllerId=0] After leader election, leader cache for __consumer_offsets-21 is updated to (Leader:0,ISR:0,LeaderEpoch:7,ControllerEpoch:8) (kafka.controller.PartitionStateMachine)
[2017-12-13 19:09:11,320] DEBUG [OfflinePartitionLeaderSelector]: Some broker in ISR is alive for __consumer_offsets-3. Select 0 from ISR 0 to be the leader. (kafka.controller.OfflinePartitionLeaderSelector)
[2017-12-13 19:09:11,320] INFO [OfflinePartitionLeaderSelector]: Selected new leader and ISR {"leader":0,"leader_epoch":7,"isr":[0]} for offline partition __consumer_offsets-3 (kafka.controller.OfflinePartitionLeaderSelector)
[2017-12-13 19:09:11,327] DEBUG [PartitionStateMachine controllerId=0] After leader election, leader cache for __consumer_offsets-3 is updated to (Leader:0,ISR:0,LeaderEpoch:7,ControllerEpoch:8) (kafka.controller.PartitionStateMachine)
[2017-12-13 19:09:11,328] DEBUG [OfflinePartitionLeaderSelector]: Some broker in ISR is alive for __consumer_offsets-22. Select 0 from ISR 0 to be the leader. (kafka.controller.OfflinePartitionLeaderSelector)
[2017-12-13 19:09:11,328] INFO [OfflinePartitionLeaderSelector]: Selected new leader and ISR {"leader":0,"leader_epoch":7,"isr":[0]} for offline partition __consumer_offsets-22 (kafka.controller.OfflinePartitionLeaderSelector)
[2017-12-13 19:09:11,337] DEBUG [PartitionStateMachine controllerId=0] After leader election, leader cache for __consumer_offsets-22 is updated to (Leader:0,ISR:0,LeaderEpoch:7,ControllerEpoch:8) (kafka.controller.PartitionStateMachine)
[2017-12-13 19:09:11,339] DEBUG [OfflinePartitionLeaderSelector]: Some broker in ISR is alive for __consumer_offsets-5. Select 0 from ISR 0 to be the leader. (kafka.controller.OfflinePartitionLeaderSelector)
[2017-12-13 19:09:11,339] INFO [OfflinePartitionLeaderSelector]: Selected new leader and ISR {"leader":0,"leader_epoch":7,"isr":[0]} for offline partition __consumer_offsets-5 (kafka.controller.OfflinePartitionLeaderSelector)
[2017-12-13 19:09:11,356] DEBUG [PartitionStateMachine controllerId=0] After leader election, leader cache for __consumer_offsets-5 is updated to (Leader:0,ISR:0,LeaderEpoch:7,ControllerEpoch:8) (kafka.controller.PartitionStateMachine)
[2017-12-13 19:09:11,359] DEBUG [OfflinePartitionLeaderSelector]: Some broker in ISR is alive for __consumer_offsets-12. Select 0 from ISR 0 to be the leader. (kafka.controller.OfflinePartitionLeaderSelector)
[2017-12-13 19:09:11,359] INFO [OfflinePartitionLeaderSelector]: Selected new leader and ISR {"leader":0,"leader_epoch":7,"isr":[0]} for offline partition __consumer_offsets-12 (kafka.controller.OfflinePartitionLeaderSelector)
[2017-12-13 19:09:11,372] DEBUG [PartitionStateMachine controllerId=0] After leader election, leader cache for __consumer_offsets-12 is updated to (Leader:0,ISR:0,LeaderEpoch:7,ControllerEpoch:8) (kafka.controller.PartitionStateMachine)
[2017-12-13 19:09:11,374] DEBUG [OfflinePartitionLeaderSelector]: Some broker in ISR is alive for topic2-0. Select 0 from ISR 0 to be the leader. (kafka.controller.OfflinePartitionLeaderSelector)
[2017-12-13 19:09:11,374] INFO [OfflinePartitionLeaderSelector]: Selected new leader and ISR {"leader":0,"leader_epoch":7,"isr":[0]} for offline partition topic2-0 (kafka.controller.OfflinePartitionLeaderSelector)
[2017-12-13 19:09:11,386] DEBUG [PartitionStateMachine controllerId=0] After leader election, leader cache for topic2-0 is updated to (Leader:0,ISR:0,LeaderEpoch:7,ControllerEpoch:8) (kafka.controller.PartitionStateMachine)
[2017-12-13 19:09:11,387] DEBUG [OfflinePartitionLeaderSelector]: Some broker in ISR is alive for __consumer_offsets-8. Select 0 from ISR 0 to be the leader. (kafka.controller.OfflinePartitionLeaderSelector)
[2017-12-13 19:09:11,387] INFO [OfflinePartitionLeaderSelector]: Selected new leader and ISR {"leader":0,"leader_epoch":7,"isr":[0]} for offline partition __consumer_offsets-8 (kafka.controller.OfflinePartitionLeaderSelector)
[2017-12-13 19:09:11,395] DEBUG [PartitionStateMachine controllerId=0] After leader election, leader cache for __consumer_offsets-8 is updated to (Leader:0,ISR:0,LeaderEpoch:7,ControllerEpoch:8) (kafka.controller.PartitionStateMachine)
[2017-12-13 19:09:11,397] DEBUG [OfflinePartitionLeaderSelector]: Some broker in ISR is alive for __consumer_offsets-23. Select 0 from ISR 0 to be the leader. (kafka.controller.OfflinePartitionLeaderSelector)
[2017-12-13 19:09:11,397] INFO [OfflinePartitionLeaderSelector]: Selected new leader and ISR {"leader":0,"leader_epoch":7,"isr":[0]} for offline partition __consumer_offsets-23 (kafka.controller.OfflinePartitionLeaderSelector)
[2017-12-13 19:09:11,407] DEBUG [PartitionStateMachine controllerId=0] After leader election, leader cache for __consumer_offsets-23 is updated to (Leader:0,ISR:0,LeaderEpoch:7,ControllerEpoch:8) (kafka.controller.PartitionStateMachine)
[2017-12-13 19:09:11,409] DEBUG [OfflinePartitionLeaderSelector]: Some broker in ISR is alive for __consumer_offsets-15. Select 0 from ISR 0 to be the leader. (kafka.controller.OfflinePartitionLeaderSelector)
[2017-12-13 19:09:11,409] INFO [OfflinePartitionLeaderSelector]: Selected new leader and ISR {"leader":0,"leader_epoch":7,"isr":[0]} for offline partition __consumer_offsets-15 (kafka.controller.OfflinePartitionLeaderSelector)
[2017-12-13 19:09:11,422] DEBUG [PartitionStateMachine controllerId=0] After leader election, leader cache for __consumer_offsets-15 is updated to (Leader:0,ISR:0,LeaderEpoch:7,ControllerEpoch:8) (kafka.controller.PartitionStateMachine)
[2017-12-13 19:09:11,424] DEBUG [OfflinePartitionLeaderSelector]: Some broker in ISR is alive for __consumer_offsets-11. Select 0 from ISR 0 to be the leader. (kafka.controller.OfflinePartitionLeaderSelector)
[2017-12-13 19:09:11,424] INFO [OfflinePartitionLeaderSelector]: Selected new leader and ISR {"leader":0,"leader_epoch":7,"isr":[0]} for offline partition __consumer_offsets-11 (kafka.controller.OfflinePartitionLeaderSelector)
[2017-12-13 19:09:11,437] DEBUG [PartitionStateMachine controllerId=0] After leader election, leader cache for __consumer_offsets-11 is updated to (Leader:0,ISR:0,LeaderEpoch:7,ControllerEpoch:8) (kafka.controller.PartitionStateMachine)
[2017-12-13 19:09:11,439] DEBUG [OfflinePartitionLeaderSelector]: Some broker in ISR is alive for __consumer_offsets-48. Select 0 from ISR 0 to be the leader. (kafka.controller.OfflinePartitionLeaderSelector)
[2017-12-13 19:09:11,439] INFO [OfflinePartitionLeaderSelector]: Selected new leader and ISR {"leader":0,"leader_epoch":7,"isr":[0]} for offline partition __consumer_offsets-48 (kafka.controller.OfflinePartitionLeaderSelector)
[2017-12-13 19:09:11,449] DEBUG [PartitionStateMachine controllerId=0] After leader election, leader cache for __consumer_offsets-48 is updated to (Leader:0,ISR:0,LeaderEpoch:7,ControllerEpoch:8) (kafka.controller.PartitionStateMachine)
[2017-12-13 19:09:11,451] DEBUG [OfflinePartitionLeaderSelector]: Some broker in ISR is alive for __consumer_offsets-13. Select 0 from ISR 0 to be the leader. (kafka.controller.OfflinePartitionLeaderSelector)
[2017-12-13 19:09:11,451] INFO [OfflinePartitionLeaderSelector]: Selected new leader and ISR {"leader":0,"leader_epoch":7,"isr":[0]} for offline partition __consumer_offsets-13 (kafka.controller.OfflinePartitionLeaderSelector)
[2017-12-13 19:09:11,459] DEBUG [PartitionStateMachine controllerId=0] After leader election, leader cache for __consumer_offsets-13 is updated to (Leader:0,ISR:0,LeaderEpoch:7,ControllerEpoch:8) (kafka.controller.PartitionStateMachine)
[2017-12-13 19:09:11,460] DEBUG [OfflinePartitionLeaderSelector]: Some broker in ISR is alive for __consumer_offsets-49. Select 0 from ISR 0 to be the leader. (kafka.controller.OfflinePartitionLeaderSelector)
[2017-12-13 19:09:11,460] INFO [OfflinePartitionLeaderSelector]: Selected new leader and ISR {"leader":0,"leader_epoch":7,"isr":[0]} for offline partition __consumer_offsets-49 (kafka.controller.OfflinePartitionLeaderSelector)
[2017-12-13 19:09:11,468] DEBUG [PartitionStateMachine controllerId=0] After leader election, leader cache for __consumer_offsets-49 is updated to (Leader:0,ISR:0,LeaderEpoch:7,ControllerEpoch:8) (kafka.controller.PartitionStateMachine)
[2017-12-13 19:09:11,470] DEBUG [OfflinePartitionLeaderSelector]: Some broker in ISR is alive for __consumer_offsets-6. Select 0 from ISR 0 to be the leader. (kafka.controller.OfflinePartitionLeaderSelector)
[2017-12-13 19:09:11,472] INFO [OfflinePartitionLeaderSelector]: Selected new leader and ISR {"leader":0,"leader_epoch":7,"isr":[0]} for offline partition __consumer_offsets-6 (kafka.controller.OfflinePartitionLeaderSelector)
[2017-12-13 19:09:11,481] DEBUG [PartitionStateMachine controllerId=0] After leader election, leader cache for __consumer_offsets-6 is updated to (Leader:0,ISR:0,LeaderEpoch:7,ControllerEpoch:8) (kafka.controller.PartitionStateMachine)
[2017-12-13 19:09:11,483] DEBUG [OfflinePartitionLeaderSelector]: Some broker in ISR is alive for __consumer_offsets-28. Select 0 from ISR 0 to be the leader. (kafka.controller.OfflinePartitionLeaderSelector)
[2017-12-13 19:09:11,484] INFO [OfflinePartitionLeaderSelector]: Selected new leader and ISR {"leader":0,"leader_epoch":7,"isr":[0]} for offline partition __consumer_offsets-28 (kafka.controller.OfflinePartitionLeaderSelector)
[2017-12-13 19:09:11,492] DEBUG [PartitionStateMachine controllerId=0] After leader election, leader cache for __consumer_offsets-28 is updated to (Leader:0,ISR:0,LeaderEpoch:7,ControllerEpoch:8) (kafka.controller.PartitionStateMachine)
[2017-12-13 19:09:11,493] DEBUG [OfflinePartitionLeaderSelector]: Some broker in ISR is alive for __consumer_offsets-4. Select 0 from ISR 0 to be the leader. (kafka.controller.OfflinePartitionLeaderSelector)
[2017-12-13 19:09:11,493] INFO [OfflinePartitionLeaderSelector]: Selected new leader and ISR {"leader":0,"leader_epoch":7,"isr":[0]} for offline partition __consumer_offsets-4 (kafka.controller.OfflinePartitionLeaderSelector)
[2017-12-13 19:09:11,501] DEBUG [PartitionStateMachine controllerId=0] After leader election, leader cache for __consumer_offsets-4 is updated to (Leader:0,ISR:0,LeaderEpoch:7,ControllerEpoch:8) (kafka.controller.PartitionStateMachine)
[2017-12-13 19:09:11,502] DEBUG [OfflinePartitionLeaderSelector]: Some broker in ISR is alive for __consumer_offsets-37. Select 0 from ISR 0 to be the leader. (kafka.controller.OfflinePartitionLeaderSelector)
[2017-12-13 19:09:11,502] INFO [OfflinePartitionLeaderSelector]: Selected new leader and ISR {"leader":0,"leader_epoch":7,"isr":[0]} for offline partition __consumer_offsets-37 (kafka.controller.OfflinePartitionLeaderSelector)
[2017-12-13 19:09:11,512] DEBUG [PartitionStateMachine controllerId=0] After leader election, leader cache for __consumer_offsets-37 is updated to (Leader:0,ISR:0,LeaderEpoch:7,ControllerEpoch:8) (kafka.controller.PartitionStateMachine)
[2017-12-13 19:09:11,513] DEBUG [OfflinePartitionLeaderSelector]: Some broker in ISR is alive for __consumer_offsets-31. Select 0 from ISR 0 to be the leader. (kafka.controller.OfflinePartitionLeaderSelector)
[2017-12-13 19:09:11,514] INFO [OfflinePartitionLeaderSelector]: Selected new leader and ISR {"leader":0,"leader_epoch":7,"isr":[0]} for offline partition __consumer_offsets-31 (kafka.controller.OfflinePartitionLeaderSelector)
[2017-12-13 19:09:11,523] DEBUG [PartitionStateMachine controllerId=0] After leader election, leader cache for __consumer_offsets-31 is updated to (Leader:0,ISR:0,LeaderEpoch:7,ControllerEpoch:8) (kafka.controller.PartitionStateMachine)
[2017-12-13 19:09:11,523] DEBUG [OfflinePartitionLeaderSelector]: Some broker in ISR is alive for __consumer_offsets-44. Select 0 from ISR 0 to be the leader. (kafka.controller.OfflinePartitionLeaderSelector)
[2017-12-13 19:09:11,523] INFO [OfflinePartitionLeaderSelector]: Selected new leader and ISR {"leader":0,"leader_epoch":7,"isr":[0]} for offline partition __consumer_offsets-44 (kafka.controller.OfflinePartitionLeaderSelector)
[2017-12-13 19:09:11,533] DEBUG [PartitionStateMachine controllerId=0] After leader election, leader cache for __consumer_offsets-44 is updated to (Leader:0,ISR:0,LeaderEpoch:7,ControllerEpoch:8) (kafka.controller.PartitionStateMachine)
[2017-12-13 19:09:11,535] DEBUG [OfflinePartitionLeaderSelector]: Some broker in ISR is alive for __consumer_offsets-42. Select 0 from ISR 0 to be the leader. (kafka.controller.OfflinePartitionLeaderSelector)
[2017-12-13 19:09:11,536] INFO [OfflinePartitionLeaderSelector]: Selected new leader and ISR {"leader":0,"leader_epoch":7,"isr":[0]} for offline partition __consumer_offsets-42 (kafka.controller.OfflinePartitionLeaderSelector)
[2017-12-13 19:09:11,545] DEBUG [PartitionStateMachine controllerId=0] After leader election, leader cache for __consumer_offsets-42 is updated to (Leader:0,ISR:0,LeaderEpoch:7,ControllerEpoch:8) (kafka.controller.PartitionStateMachine)
[2017-12-13 19:09:11,546] DEBUG [OfflinePartitionLeaderSelector]: Some broker in ISR is alive for __consumer_offsets-34. Select 0 from ISR 0 to be the leader. (kafka.controller.OfflinePartitionLeaderSelector)
[2017-12-13 19:09:11,547] INFO [OfflinePartitionLeaderSelector]: Selected new leader and ISR {"leader":0,"leader_epoch":7,"isr":[0]} for offline partition __consumer_offsets-34 (kafka.controller.OfflinePartitionLeaderSelector)
[2017-12-13 19:09:11,559] DEBUG [PartitionStateMachine controllerId=0] After leader election, leader cache for __consumer_offsets-34 is updated to (Leader:0,ISR:0,LeaderEpoch:7,ControllerEpoch:8) (kafka.controller.PartitionStateMachine)
[2017-12-13 19:09:11,560] DEBUG [OfflinePartitionLeaderSelector]: Some broker in ISR is alive for topic1-0. Select 0 from ISR 0 to be the leader. (kafka.controller.OfflinePartitionLeaderSelector)
[2017-12-13 19:09:11,560] INFO [OfflinePartitionLeaderSelector]: Selected new leader and ISR {"leader":0,"leader_epoch":7,"isr":[0]} for offline partition topic1-0 (kafka.controller.OfflinePartitionLeaderSelector)
[2017-12-13 19:09:11,568] DEBUG [PartitionStateMachine controllerId=0] After leader election, leader cache for topic1-0 is updated to (Leader:0,ISR:0,LeaderEpoch:7,ControllerEpoch:8) (kafka.controller.PartitionStateMachine)
[2017-12-13 19:09:11,569] DEBUG [OfflinePartitionLeaderSelector]: Some broker in ISR is alive for __consumer_offsets-46. Select 0 from ISR 0 to be the leader. (kafka.controller.OfflinePartitionLeaderSelector)
[2017-12-13 19:09:11,569] INFO [OfflinePartitionLeaderSelector]: Selected new leader and ISR {"leader":0,"leader_epoch":7,"isr":[0]} for offline partition __consumer_offsets-46 (kafka.controller.OfflinePartitionLeaderSelector)
[2017-12-13 19:09:11,586] DEBUG [PartitionStateMachine controllerId=0] After leader election, leader cache for __consumer_offsets-46 is updated to (Leader:0,ISR:0,LeaderEpoch:7,ControllerEpoch:8) (kafka.controller.PartitionStateMachine)
[2017-12-13 19:09:11,587] DEBUG [OfflinePartitionLeaderSelector]: Some broker in ISR is alive for __consumer_offsets-25. Select 0 from ISR 0 to be the leader. (kafka.controller.OfflinePartitionLeaderSelector)
[2017-12-13 19:09:11,588] INFO [OfflinePartitionLeaderSelector]: Selected new leader and ISR {"leader":0,"leader_epoch":7,"isr":[0]} for offline partition __consumer_offsets-25 (kafka.controller.OfflinePartitionLeaderSelector)
[2017-12-13 19:09:11,599] DEBUG [PartitionStateMachine controllerId=0] After leader election, leader cache for __consumer_offsets-25 is updated to (Leader:0,ISR:0,LeaderEpoch:7,ControllerEpoch:8) (kafka.controller.PartitionStateMachine)
[2017-12-13 19:09:11,602] DEBUG [OfflinePartitionLeaderSelector]: Some broker in ISR is alive for __consumer_offsets-45. Select 0 from ISR 0 to be the leader. (kafka.controller.OfflinePartitionLeaderSelector)
[2017-12-13 19:09:11,602] INFO [OfflinePartitionLeaderSelector]: Selected new leader and ISR {"leader":0,"leader_epoch":7,"isr":[0]} for offline partition __consumer_offsets-45 (kafka.controller.OfflinePartitionLeaderSelector)
[2017-12-13 19:09:11,612] DEBUG [PartitionStateMachine controllerId=0] After leader election, leader cache for __consumer_offsets-45 is updated to (Leader:0,ISR:0,LeaderEpoch:7,ControllerEpoch:8) (kafka.controller.PartitionStateMachine)
[2017-12-13 19:09:11,614] DEBUG [OfflinePartitionLeaderSelector]: Some broker in ISR is alive for __consumer_offsets-27. Select 0 from ISR 0 to be the leader. (kafka.controller.OfflinePartitionLeaderSelector)
[2017-12-13 19:09:11,614] INFO [OfflinePartitionLeaderSelector]: Selected new leader and ISR {"leader":0,"leader_epoch":7,"isr":[0]} for offline partition __consumer_offsets-27 (kafka.controller.OfflinePartitionLeaderSelector)
[2017-12-13 19:09:11,622] DEBUG [PartitionStateMachine controllerId=0] After leader election, leader cache for __consumer_offsets-27 is updated to (Leader:0,ISR:0,LeaderEpoch:7,ControllerEpoch:8) (kafka.controller.PartitionStateMachine)
[2017-12-13 19:09:11,623] DEBUG [OfflinePartitionLeaderSelector]: Some broker in ISR is alive for __consumer_offsets-32. Select 0 from ISR 0 to be the leader. (kafka.controller.OfflinePartitionLeaderSelector)
[2017-12-13 19:09:11,623] INFO [OfflinePartitionLeaderSelector]: Selected new leader and ISR {"leader":0,"leader_epoch":7,"isr":[0]} for offline partition __consumer_offsets-32 (kafka.controller.OfflinePartitionLeaderSelector)
[2017-12-13 19:09:11,631] DEBUG [PartitionStateMachine controllerId=0] After leader election, leader cache for __consumer_offsets-32 is updated to (Leader:0,ISR:0,LeaderEpoch:7,ControllerEpoch:8) (kafka.controller.PartitionStateMachine)
[2017-12-13 19:09:11,631] DEBUG [OfflinePartitionLeaderSelector]: Some broker in ISR is alive for __consumer_offsets-43. Select 0 from ISR 0 to be the leader. (kafka.controller.OfflinePartitionLeaderSelector)
[2017-12-13 19:09:11,631] INFO [OfflinePartitionLeaderSelector]: Selected new leader and ISR {"leader":0,"leader_epoch":7,"isr":[0]} for offline partition __consumer_offsets-43 (kafka.controller.OfflinePartitionLeaderSelector)
[2017-12-13 19:09:11,640] DEBUG [PartitionStateMachine controllerId=0] After leader election, leader cache for __consumer_offsets-43 is updated to (Leader:0,ISR:0,LeaderEpoch:7,ControllerEpoch:8) (kafka.controller.PartitionStateMachine)
[2017-12-13 19:09:11,645] DEBUG [OfflinePartitionLeaderSelector]: Some broker in ISR is alive for __consumer_offsets-36. Select 0 from ISR 0 to be the leader. (kafka.controller.OfflinePartitionLeaderSelector)
[2017-12-13 19:09:11,645] INFO [OfflinePartitionLeaderSelector]: Selected new leader and ISR {"leader":0,"leader_epoch":7,"isr":[0]} for offline partition __consumer_offsets-36 (kafka.controller.OfflinePartitionLeaderSelector)
[2017-12-13 19:09:11,656] DEBUG [PartitionStateMachine controllerId=0] After leader election, leader cache for __consumer_offsets-36 is updated to (Leader:0,ISR:0,LeaderEpoch:7,ControllerEpoch:8) (kafka.controller.PartitionStateMachine)
[2017-12-13 19:09:11,657] DEBUG [OfflinePartitionLeaderSelector]: Some broker in ISR is alive for __consumer_offsets-35. Select 0 from ISR 0 to be the leader. (kafka.controller.OfflinePartitionLeaderSelector)
[2017-12-13 19:09:11,657] INFO [OfflinePartitionLeaderSelector]: Selected new leader and ISR {"leader":0,"leader_epoch":7,"isr":[0]} for offline partition __consumer_offsets-35 (kafka.controller.OfflinePartitionLeaderSelector)
[2017-12-13 19:09:11,666] DEBUG [PartitionStateMachine controllerId=0] After leader election, leader cache for __consumer_offsets-35 is updated to (Leader:0,ISR:0,LeaderEpoch:7,ControllerEpoch:8) (kafka.controller.PartitionStateMachine)
[2017-12-13 19:09:11,667] DEBUG [OfflinePartitionLeaderSelector]: Some broker in ISR is alive for __consumer_offsets-7. Select 0 from ISR 0 to be the leader. (kafka.controller.OfflinePartitionLeaderSelector)
[2017-12-13 19:09:11,667] INFO [OfflinePartitionLeaderSelector]: Selected new leader and ISR {"leader":0,"leader_epoch":7,"isr":[0]} for offline partition __consumer_offsets-7 (kafka.controller.OfflinePartitionLeaderSelector)
[2017-12-13 19:09:11,679] DEBUG [PartitionStateMachine controllerId=0] After leader election, leader cache for __consumer_offsets-7 is updated to (Leader:0,ISR:0,LeaderEpoch:7,ControllerEpoch:8) (kafka.controller.PartitionStateMachine)
[2017-12-13 19:09:11,681] DEBUG [OfflinePartitionLeaderSelector]: Some broker in ISR is alive for test-0. Select 0 from ISR 0 to be the leader. (kafka.controller.OfflinePartitionLeaderSelector)
[2017-12-13 19:09:11,682] INFO [OfflinePartitionLeaderSelector]: Selected new leader and ISR {"leader":0,"leader_epoch":7,"isr":[0]} for offline partition test-0 (kafka.controller.OfflinePartitionLeaderSelector)
[2017-12-13 19:09:11,693] DEBUG [PartitionStateMachine controllerId=0] After leader election, leader cache for test-0 is updated to (Leader:0,ISR:0,LeaderEpoch:7,ControllerEpoch:8) (kafka.controller.PartitionStateMachine)
[2017-12-13 19:09:11,694] DEBUG [OfflinePartitionLeaderSelector]: Some broker in ISR is alive for __consumer_offsets-38. Select 0 from ISR 0 to be the leader. (kafka.controller.OfflinePartitionLeaderSelector)
[2017-12-13 19:09:11,694] INFO [OfflinePartitionLeaderSelector]: Selected new leader and ISR {"leader":0,"leader_epoch":7,"isr":[0]} for offline partition __consumer_offsets-38 (kafka.controller.OfflinePartitionLeaderSelector)
[2017-12-13 19:09:11,704] DEBUG [PartitionStateMachine controllerId=0] After leader election, leader cache for __consumer_offsets-38 is updated to (Leader:0,ISR:0,LeaderEpoch:7,ControllerEpoch:8) (kafka.controller.PartitionStateMachine)
[2017-12-13 19:09:11,705] DEBUG [OfflinePartitionLeaderSelector]: Some broker in ISR is alive for __consumer_offsets-9. Select 0 from ISR 0 to be the leader. (kafka.controller.OfflinePartitionLeaderSelector)
[2017-12-13 19:09:11,705] INFO [OfflinePartitionLeaderSelector]: Selected new leader and ISR {"leader":0,"leader_epoch":7,"isr":[0]} for offline partition __consumer_offsets-9 (kafka.controller.OfflinePartitionLeaderSelector)
[2017-12-13 19:09:11,720] DEBUG [PartitionStateMachine controllerId=0] After leader election, leader cache for __consumer_offsets-9 is updated to (Leader:0,ISR:0,LeaderEpoch:7,ControllerEpoch:8) (kafka.controller.PartitionStateMachine)
[2017-12-13 19:09:11,722] DEBUG [OfflinePartitionLeaderSelector]: Some broker in ISR is alive for __consumer_offsets-1. Select 0 from ISR 0 to be the leader. (kafka.controller.OfflinePartitionLeaderSelector)
[2017-12-13 19:09:11,722] INFO [OfflinePartitionLeaderSelector]: Selected new leader and ISR {"leader":0,"leader_epoch":7,"isr":[0]} for offline partition __consumer_offsets-1 (kafka.controller.OfflinePartitionLeaderSelector)
[2017-12-13 19:09:11,732] DEBUG [PartitionStateMachine controllerId=0] After leader election, leader cache for __consumer_offsets-1 is updated to (Leader:0,ISR:0,LeaderEpoch:7,ControllerEpoch:8) (kafka.controller.PartitionStateMachine)
[2017-12-13 19:09:11,733] DEBUG [OfflinePartitionLeaderSelector]: Some broker in ISR is alive for __consumer_offsets-2. Select 0 from ISR 0 to be the leader. (kafka.controller.OfflinePartitionLeaderSelector)
[2017-12-13 19:09:11,733] INFO [OfflinePartitionLeaderSelector]: Selected new leader and ISR {"leader":0,"leader_epoch":7,"isr":[0]} for offline partition __consumer_offsets-2 (kafka.controller.OfflinePartitionLeaderSelector)
[2017-12-13 19:09:11,742] DEBUG [PartitionStateMachine controllerId=0] After leader election, leader cache for __consumer_offsets-2 is updated to (Leader:0,ISR:0,LeaderEpoch:7,ControllerEpoch:8) (kafka.controller.PartitionStateMachine)
[2017-12-13 19:09:11,743] DEBUG [OfflinePartitionLeaderSelector]: Some broker in ISR is alive for __consumer_offsets-16. Select 0 from ISR 0 to be the leader. (kafka.controller.OfflinePartitionLeaderSelector)
[2017-12-13 19:09:11,744] INFO [OfflinePartitionLeaderSelector]: Selected new leader and ISR {"leader":0,"leader_epoch":7,"isr":[0]} for offline partition __consumer_offsets-16 (kafka.controller.OfflinePartitionLeaderSelector)
[2017-12-13 19:09:11,753] DEBUG [PartitionStateMachine controllerId=0] After leader election, leader cache for __consumer_offsets-16 is updated to (Leader:0,ISR:0,LeaderEpoch:7,ControllerEpoch:8) (kafka.controller.PartitionStateMachine)
[2017-12-13 19:09:16,071] TRACE [Controller id=0] Checking need to trigger auto leader balancing (kafka.controller.KafkaController)
[2017-12-13 19:09:16,074] DEBUG [Controller id=0] Preferred replicas by broker Map(0 -> Map(__consumer_offsets-19 -> Vector(0), __consumer_offsets-30 -> Vector(0), __consumer_offsets-47 -> Vector(0), __consumer_offsets-29 -> Vector(0), __consumer_offsets-41 -> Vector(0), __consumer_offsets-39 -> Vector(0), __consumer_offsets-10 -> Vector(0), __consumer_offsets-17 -> Vector(0), __consumer_offsets-14 -> Vector(0), __consumer_offsets-40 -> Vector(0), __consumer_offsets-18 -> Vector(0), __consumer_offsets-26 -> Vector(0), __consumer_offsets-0 -> Vector(0), __consumer_offsets-24 -> Vector(0), __consumer_offsets-33 -> Vector(0), __consumer_offsets-20 -> Vector(0), __consumer_offsets-21 -> Vector(0), __consumer_offsets-3 -> Vector(0), __consumer_offsets-22 -> Vector(0), __consumer_offsets-5 -> Vector(0), __consumer_offsets-12 -> Vector(0), topic2-0 -> Vector(0), __consumer_offsets-8 -> Vector(0), __consumer_offsets-23 -> Vector(0), __consumer_offsets-15 -> Vector(0), __consumer_offsets-11 -> Vector(0), __consumer_offsets-48 -> Vector(0), __consumer_offsets-13 -> Vector(0), __consumer_offsets-49 -> Vector(0), __consumer_offsets-6 -> Vector(0), __consumer_offsets-28 -> Vector(0), __consumer_offsets-4 -> Vector(0), __consumer_offsets-37 -> Vector(0), __consumer_offsets-31 -> Vector(0), __consumer_offsets-44 -> Vector(0), __consumer_offsets-42 -> Vector(0), __consumer_offsets-34 -> Vector(0), topic1-0 -> Vector(0), __consumer_offsets-46 -> Vector(0), __consumer_offsets-25 -> Vector(0), __consumer_offsets-45 -> Vector(0), __consumer_offsets-27 -> Vector(0), __consumer_offsets-32 -> Vector(0), __consumer_offsets-43 -> Vector(0), __consumer_offsets-36 -> Vector(0), __consumer_offsets-35 -> Vector(0), __consumer_offsets-7 -> Vector(0), test-0 -> Vector(0), __consumer_offsets-38 -> Vector(0), __consumer_offsets-9 -> Vector(0), __consumer_offsets-1 -> Vector(0), __consumer_offsets-2 -> Vector(0), __consumer_offsets-16 -> Vector(0))) (kafka.controller.KafkaController)
[2017-12-13 19:09:16,075] DEBUG [Controller id=0] Topics not in preferred replica Map() (kafka.controller.KafkaController)
[2017-12-13 19:09:16,076] TRACE [Controller id=0] Leader imbalance ratio for broker 0 is 0.0 (kafka.controller.KafkaController)
[2017-12-13 19:14:16,069] TRACE [Controller id=0] Checking need to trigger auto leader balancing (kafka.controller.KafkaController)
[2017-12-13 19:14:16,070] DEBUG [Controller id=0] Preferred replicas by broker Map(0 -> Map(__consumer_offsets-19 -> Vector(0), __consumer_offsets-30 -> Vector(0), __consumer_offsets-47 -> Vector(0), __consumer_offsets-29 -> Vector(0), __consumer_offsets-41 -> Vector(0), __consumer_offsets-39 -> Vector(0), __consumer_offsets-10 -> Vector(0), __consumer_offsets-17 -> Vector(0), __consumer_offsets-14 -> Vector(0), __consumer_offsets-40 -> Vector(0), __consumer_offsets-18 -> Vector(0), __consumer_offsets-26 -> Vector(0), __consumer_offsets-0 -> Vector(0), __consumer_offsets-24 -> Vector(0), __consumer_offsets-33 -> Vector(0), __consumer_offsets-20 -> Vector(0), __consumer_offsets-21 -> Vector(0), __consumer_offsets-3 -> Vector(0), __consumer_offsets-22 -> Vector(0), __consumer_offsets-5 -> Vector(0), __consumer_offsets-12 -> Vector(0), topic2-0 -> Vector(0), __consumer_offsets-8 -> Vector(0), __consumer_offsets-23 -> Vector(0), __consumer_offsets-15 -> Vector(0), __consumer_offsets-11 -> Vector(0), __consumer_offsets-48 -> Vector(0), __consumer_offsets-13 -> Vector(0), __consumer_offsets-49 -> Vector(0), __consumer_offsets-6 -> Vector(0), __consumer_offsets-28 -> Vector(0), __consumer_offsets-4 -> Vector(0), __consumer_offsets-37 -> Vector(0), __consumer_offsets-31 -> Vector(0), __consumer_offsets-44 -> Vector(0), __consumer_offsets-42 -> Vector(0), __consumer_offsets-34 -> Vector(0), topic1-0 -> Vector(0), __consumer_offsets-46 -> Vector(0), __consumer_offsets-25 -> Vector(0), __consumer_offsets-45 -> Vector(0), __consumer_offsets-27 -> Vector(0), __consumer_offsets-32 -> Vector(0), __consumer_offsets-43 -> Vector(0), __consumer_offsets-36 -> Vector(0), __consumer_offsets-35 -> Vector(0), __consumer_offsets-7 -> Vector(0), test-0 -> Vector(0), __consumer_offsets-38 -> Vector(0), __consumer_offsets-9 -> Vector(0), __consumer_offsets-1 -> Vector(0), __consumer_offsets-2 -> Vector(0), __consumer_offsets-16 -> Vector(0))) (kafka.controller.KafkaController)
[2017-12-13 19:14:16,070] DEBUG [Controller id=0] Topics not in preferred replica Map() (kafka.controller.KafkaController)
[2017-12-13 19:14:16,071] TRACE [Controller id=0] Leader imbalance ratio for broker 0 is 0.0 (kafka.controller.KafkaController)
[2017-12-13 19:19:16,064] TRACE [Controller id=0] Checking need to trigger auto leader balancing (kafka.controller.KafkaController)
[2017-12-13 19:19:16,065] DEBUG [Controller id=0] Preferred replicas by broker Map(0 -> Map(__consumer_offsets-19 -> Vector(0), __consumer_offsets-30 -> Vector(0), __consumer_offsets-47 -> Vector(0), __consumer_offsets-29 -> Vector(0), __consumer_offsets-41 -> Vector(0), __consumer_offsets-39 -> Vector(0), __consumer_offsets-10 -> Vector(0), __consumer_offsets-17 -> Vector(0), __consumer_offsets-14 -> Vector(0), __consumer_offsets-40 -> Vector(0), __consumer_offsets-18 -> Vector(0), __consumer_offsets-26 -> Vector(0), __consumer_offsets-0 -> Vector(0), __consumer_offsets-24 -> Vector(0), __consumer_offsets-33 -> Vector(0), __consumer_offsets-20 -> Vector(0), __consumer_offsets-21 -> Vector(0), __consumer_offsets-3 -> Vector(0), __consumer_offsets-22 -> Vector(0), __consumer_offsets-5 -> Vector(0), __consumer_offsets-12 -> Vector(0), topic2-0 -> Vector(0), __consumer_offsets-8 -> Vector(0), __consumer_offsets-23 -> Vector(0), __consumer_offsets-15 -> Vector(0), __consumer_offsets-11 -> Vector(0), __consumer_offsets-48 -> Vector(0), __consumer_offsets-13 -> Vector(0), __consumer_offsets-49 -> Vector(0), __consumer_offsets-6 -> Vector(0), __consumer_offsets-28 -> Vector(0), __consumer_offsets-4 -> Vector(0), __consumer_offsets-37 -> Vector(0), __consumer_offsets-31 -> Vector(0), __consumer_offsets-44 -> Vector(0), __consumer_offsets-42 -> Vector(0), __consumer_offsets-34 -> Vector(0), topic1-0 -> Vector(0), __consumer_offsets-46 -> Vector(0), __consumer_offsets-25 -> Vector(0), __consumer_offsets-45 -> Vector(0), __consumer_offsets-27 -> Vector(0), __consumer_offsets-32 -> Vector(0), __consumer_offsets-43 -> Vector(0), __consumer_offsets-36 -> Vector(0), __consumer_offsets-35 -> Vector(0), __consumer_offsets-7 -> Vector(0), test-0 -> Vector(0), __consumer_offsets-38 -> Vector(0), __consumer_offsets-9 -> Vector(0), __consumer_offsets-1 -> Vector(0), __consumer_offsets-2 -> Vector(0), __consumer_offsets-16 -> Vector(0))) (kafka.controller.KafkaController)
[2017-12-13 19:19:16,065] DEBUG [Controller id=0] Topics not in preferred replica Map() (kafka.controller.KafkaController)
[2017-12-13 19:19:16,065] TRACE [Controller id=0] Leader imbalance ratio for broker 0 is 0.0 (kafka.controller.KafkaController)
[2017-12-13 19:24:16,059] TRACE [Controller id=0] Checking need to trigger auto leader balancing (kafka.controller.KafkaController)
[2017-12-13 19:24:16,059] DEBUG [Controller id=0] Preferred replicas by broker Map(0 -> Map(__consumer_offsets-19 -> Vector(0), __consumer_offsets-30 -> Vector(0), __consumer_offsets-47 -> Vector(0), __consumer_offsets-29 -> Vector(0), __consumer_offsets-41 -> Vector(0), __consumer_offsets-39 -> Vector(0), __consumer_offsets-10 -> Vector(0), __consumer_offsets-17 -> Vector(0), __consumer_offsets-14 -> Vector(0), __consumer_offsets-40 -> Vector(0), __consumer_offsets-18 -> Vector(0), __consumer_offsets-26 -> Vector(0), __consumer_offsets-0 -> Vector(0), __consumer_offsets-24 -> Vector(0), __consumer_offsets-33 -> Vector(0), __consumer_offsets-20 -> Vector(0), __consumer_offsets-21 -> Vector(0), __consumer_offsets-3 -> Vector(0), __consumer_offsets-22 -> Vector(0), __consumer_offsets-5 -> Vector(0), __consumer_offsets-12 -> Vector(0), topic2-0 -> Vector(0), __consumer_offsets-8 -> Vector(0), __consumer_offsets-23 -> Vector(0), __consumer_offsets-15 -> Vector(0), __consumer_offsets-11 -> Vector(0), __consumer_offsets-48 -> Vector(0), __consumer_offsets-13 -> Vector(0), __consumer_offsets-49 -> Vector(0), __consumer_offsets-6 -> Vector(0), __consumer_offsets-28 -> Vector(0), __consumer_offsets-4 -> Vector(0), __consumer_offsets-37 -> Vector(0), __consumer_offsets-31 -> Vector(0), __consumer_offsets-44 -> Vector(0), __consumer_offsets-42 -> Vector(0), __consumer_offsets-34 -> Vector(0), topic1-0 -> Vector(0), __consumer_offsets-46 -> Vector(0), __consumer_offsets-25 -> Vector(0), __consumer_offsets-45 -> Vector(0), __consumer_offsets-27 -> Vector(0), __consumer_offsets-32 -> Vector(0), __consumer_offsets-43 -> Vector(0), __consumer_offsets-36 -> Vector(0), __consumer_offsets-35 -> Vector(0), __consumer_offsets-7 -> Vector(0), test-0 -> Vector(0), __consumer_offsets-38 -> Vector(0), __consumer_offsets-9 -> Vector(0), __consumer_offsets-1 -> Vector(0), __consumer_offsets-2 -> Vector(0), __consumer_offsets-16 -> Vector(0))) (kafka.controller.KafkaController)
[2017-12-13 19:24:16,060] DEBUG [Controller id=0] Topics not in preferred replica Map() (kafka.controller.KafkaController)
[2017-12-13 19:24:16,060] TRACE [Controller id=0] Leader imbalance ratio for broker 0 is 0.0 (kafka.controller.KafkaController)
[2017-12-13 19:29:16,050] TRACE [Controller id=0] Checking need to trigger auto leader balancing (kafka.controller.KafkaController)
[2017-12-13 19:29:16,051] DEBUG [Controller id=0] Preferred replicas by broker Map(0 -> Map(__consumer_offsets-19 -> Vector(0), __consumer_offsets-30 -> Vector(0), __consumer_offsets-47 -> Vector(0), __consumer_offsets-29 -> Vector(0), __consumer_offsets-41 -> Vector(0), __consumer_offsets-39 -> Vector(0), __consumer_offsets-10 -> Vector(0), __consumer_offsets-17 -> Vector(0), __consumer_offsets-14 -> Vector(0), __consumer_offsets-40 -> Vector(0), __consumer_offsets-18 -> Vector(0), __consumer_offsets-26 -> Vector(0), __consumer_offsets-0 -> Vector(0), __consumer_offsets-24 -> Vector(0), __consumer_offsets-33 -> Vector(0), __consumer_offsets-20 -> Vector(0), __consumer_offsets-21 -> Vector(0), __consumer_offsets-3 -> Vector(0), __consumer_offsets-22 -> Vector(0), __consumer_offsets-5 -> Vector(0), __consumer_offsets-12 -> Vector(0), topic2-0 -> Vector(0), __consumer_offsets-8 -> Vector(0), __consumer_offsets-23 -> Vector(0), __consumer_offsets-15 -> Vector(0), __consumer_offsets-11 -> Vector(0), __consumer_offsets-48 -> Vector(0), __consumer_offsets-13 -> Vector(0), __consumer_offsets-49 -> Vector(0), __consumer_offsets-6 -> Vector(0), __consumer_offsets-28 -> Vector(0), __consumer_offsets-4 -> Vector(0), __consumer_offsets-37 -> Vector(0), __consumer_offsets-31 -> Vector(0), __consumer_offsets-44 -> Vector(0), __consumer_offsets-42 -> Vector(0), __consumer_offsets-34 -> Vector(0), topic1-0 -> Vector(0), __consumer_offsets-46 -> Vector(0), __consumer_offsets-25 -> Vector(0), __consumer_offsets-45 -> Vector(0), __consumer_offsets-27 -> Vector(0), __consumer_offsets-32 -> Vector(0), __consumer_offsets-43 -> Vector(0), __consumer_offsets-36 -> Vector(0), __consumer_offsets-35 -> Vector(0), __consumer_offsets-7 -> Vector(0), test-0 -> Vector(0), __consumer_offsets-38 -> Vector(0), __consumer_offsets-9 -> Vector(0), __consumer_offsets-1 -> Vector(0), __consumer_offsets-2 -> Vector(0), __consumer_offsets-16 -> Vector(0))) (kafka.controller.KafkaController)
[2017-12-13 19:29:16,051] DEBUG [Controller id=0] Topics not in preferred replica Map() (kafka.controller.KafkaController)
[2017-12-13 19:29:16,051] TRACE [Controller id=0] Leader imbalance ratio for broker 0 is 0.0 (kafka.controller.KafkaController)
[2017-12-13 19:34:15,605] TRACE [Controller id=0] Checking need to trigger auto leader balancing (kafka.controller.KafkaController)
[2017-12-13 19:34:15,605] DEBUG [Controller id=0] Preferred replicas by broker Map(0 -> Map(__consumer_offsets-19 -> Vector(0), __consumer_offsets-30 -> Vector(0), __consumer_offsets-47 -> Vector(0), __consumer_offsets-29 -> Vector(0), __consumer_offsets-41 -> Vector(0), __consumer_offsets-39 -> Vector(0), __consumer_offsets-10 -> Vector(0), __consumer_offsets-17 -> Vector(0), __consumer_offsets-14 -> Vector(0), __consumer_offsets-40 -> Vector(0), __consumer_offsets-18 -> Vector(0), __consumer_offsets-26 -> Vector(0), __consumer_offsets-0 -> Vector(0), __consumer_offsets-24 -> Vector(0), __consumer_offsets-33 -> Vector(0), __consumer_offsets-20 -> Vector(0), __consumer_offsets-21 -> Vector(0), __consumer_offsets-3 -> Vector(0), __consumer_offsets-22 -> Vector(0), __consumer_offsets-5 -> Vector(0), __consumer_offsets-12 -> Vector(0), topic2-0 -> Vector(0), __consumer_offsets-8 -> Vector(0), __consumer_offsets-23 -> Vector(0), __consumer_offsets-15 -> Vector(0), __consumer_offsets-11 -> Vector(0), __consumer_offsets-48 -> Vector(0), __consumer_offsets-13 -> Vector(0), __consumer_offsets-49 -> Vector(0), __consumer_offsets-6 -> Vector(0), __consumer_offsets-28 -> Vector(0), __consumer_offsets-4 -> Vector(0), __consumer_offsets-37 -> Vector(0), __consumer_offsets-31 -> Vector(0), __consumer_offsets-44 -> Vector(0), __consumer_offsets-42 -> Vector(0), __consumer_offsets-34 -> Vector(0), topic1-0 -> Vector(0), __consumer_offsets-46 -> Vector(0), __consumer_offsets-25 -> Vector(0), __consumer_offsets-45 -> Vector(0), __consumer_offsets-27 -> Vector(0), __consumer_offsets-32 -> Vector(0), __consumer_offsets-43 -> Vector(0), __consumer_offsets-36 -> Vector(0), __consumer_offsets-35 -> Vector(0), __consumer_offsets-7 -> Vector(0), test-0 -> Vector(0), __consumer_offsets-38 -> Vector(0), __consumer_offsets-9 -> Vector(0), __consumer_offsets-1 -> Vector(0), __consumer_offsets-2 -> Vector(0), __consumer_offsets-16 -> Vector(0))) (kafka.controller.KafkaController)
[2017-12-13 19:34:15,606] DEBUG [Controller id=0] Topics not in preferred replica Map() (kafka.controller.KafkaController)
[2017-12-13 19:34:15,606] TRACE [Controller id=0] Leader imbalance ratio for broker 0 is 0.0 (kafka.controller.KafkaController)
[2017-12-13 19:39:15,595] TRACE [Controller id=0] Checking need to trigger auto leader balancing (kafka.controller.KafkaController)
[2017-12-13 19:39:15,596] DEBUG [Controller id=0] Preferred replicas by broker Map(0 -> Map(__consumer_offsets-19 -> Vector(0), __consumer_offsets-30 -> Vector(0), __consumer_offsets-47 -> Vector(0), __consumer_offsets-29 -> Vector(0), __consumer_offsets-41 -> Vector(0), __consumer_offsets-39 -> Vector(0), __consumer_offsets-10 -> Vector(0), __consumer_offsets-17 -> Vector(0), __consumer_offsets-14 -> Vector(0), __consumer_offsets-40 -> Vector(0), __consumer_offsets-18 -> Vector(0), __consumer_offsets-26 -> Vector(0), __consumer_offsets-0 -> Vector(0), __consumer_offsets-24 -> Vector(0), __consumer_offsets-33 -> Vector(0), __consumer_offsets-20 -> Vector(0), __consumer_offsets-21 -> Vector(0), __consumer_offsets-3 -> Vector(0), __consumer_offsets-22 -> Vector(0), __consumer_offsets-5 -> Vector(0), __consumer_offsets-12 -> Vector(0), topic2-0 -> Vector(0), __consumer_offsets-8 -> Vector(0), __consumer_offsets-23 -> Vector(0), __consumer_offsets-15 -> Vector(0), __consumer_offsets-11 -> Vector(0), __consumer_offsets-48 -> Vector(0), __consumer_offsets-13 -> Vector(0), __consumer_offsets-49 -> Vector(0), __consumer_offsets-6 -> Vector(0), __consumer_offsets-28 -> Vector(0), __consumer_offsets-4 -> Vector(0), __consumer_offsets-37 -> Vector(0), __consumer_offsets-31 -> Vector(0), __consumer_offsets-44 -> Vector(0), __consumer_offsets-42 -> Vector(0), __consumer_offsets-34 -> Vector(0), topic1-0 -> Vector(0), __consumer_offsets-46 -> Vector(0), __consumer_offsets-25 -> Vector(0), __consumer_offsets-45 -> Vector(0), __consumer_offsets-27 -> Vector(0), __consumer_offsets-32 -> Vector(0), __consumer_offsets-43 -> Vector(0), __consumer_offsets-36 -> Vector(0), __consumer_offsets-35 -> Vector(0), __consumer_offsets-7 -> Vector(0), test-0 -> Vector(0), __consumer_offsets-38 -> Vector(0), __consumer_offsets-9 -> Vector(0), __consumer_offsets-1 -> Vector(0), __consumer_offsets-2 -> Vector(0), __consumer_offsets-16 -> Vector(0))) (kafka.controller.KafkaController)
[2017-12-13 19:39:15,596] DEBUG [Controller id=0] Topics not in preferred replica Map() (kafka.controller.KafkaController)
[2017-12-13 19:39:15,596] TRACE [Controller id=0] Leader imbalance ratio for broker 0 is 0.0 (kafka.controller.KafkaController)
[2017-12-13 19:44:15,585] TRACE [Controller id=0] Checking need to trigger auto leader balancing (kafka.controller.KafkaController)
[2017-12-13 19:44:15,586] DEBUG [Controller id=0] Preferred replicas by broker Map(0 -> Map(__consumer_offsets-19 -> Vector(0), __consumer_offsets-30 -> Vector(0), __consumer_offsets-47 -> Vector(0), __consumer_offsets-29 -> Vector(0), __consumer_offsets-41 -> Vector(0), __consumer_offsets-39 -> Vector(0), __consumer_offsets-10 -> Vector(0), __consumer_offsets-17 -> Vector(0), __consumer_offsets-14 -> Vector(0), __consumer_offsets-40 -> Vector(0), __consumer_offsets-18 -> Vector(0), __consumer_offsets-26 -> Vector(0), __consumer_offsets-0 -> Vector(0), __consumer_offsets-24 -> Vector(0), __consumer_offsets-33 -> Vector(0), __consumer_offsets-20 -> Vector(0), __consumer_offsets-21 -> Vector(0), __consumer_offsets-3 -> Vector(0), __consumer_offsets-22 -> Vector(0), __consumer_offsets-5 -> Vector(0), __consumer_offsets-12 -> Vector(0), topic2-0 -> Vector(0), __consumer_offsets-8 -> Vector(0), __consumer_offsets-23 -> Vector(0), __consumer_offsets-15 -> Vector(0), __consumer_offsets-11 -> Vector(0), __consumer_offsets-48 -> Vector(0), __consumer_offsets-13 -> Vector(0), __consumer_offsets-49 -> Vector(0), __consumer_offsets-6 -> Vector(0), __consumer_offsets-28 -> Vector(0), __consumer_offsets-4 -> Vector(0), __consumer_offsets-37 -> Vector(0), __consumer_offsets-31 -> Vector(0), __consumer_offsets-44 -> Vector(0), __consumer_offsets-42 -> Vector(0), __consumer_offsets-34 -> Vector(0), topic1-0 -> Vector(0), __consumer_offsets-46 -> Vector(0), __consumer_offsets-25 -> Vector(0), __consumer_offsets-45 -> Vector(0), __consumer_offsets-27 -> Vector(0), __consumer_offsets-32 -> Vector(0), __consumer_offsets-43 -> Vector(0), __consumer_offsets-36 -> Vector(0), __consumer_offsets-35 -> Vector(0), __consumer_offsets-7 -> Vector(0), test-0 -> Vector(0), __consumer_offsets-38 -> Vector(0), __consumer_offsets-9 -> Vector(0), __consumer_offsets-1 -> Vector(0), __consumer_offsets-2 -> Vector(0), __consumer_offsets-16 -> Vector(0))) (kafka.controller.KafkaController)
[2017-12-13 19:44:15,586] DEBUG [Controller id=0] Topics not in preferred replica Map() (kafka.controller.KafkaController)
[2017-12-13 19:44:15,586] TRACE [Controller id=0] Leader imbalance ratio for broker 0 is 0.0 (kafka.controller.KafkaController)
[2017-12-13 19:49:15,579] TRACE [Controller id=0] Checking need to trigger auto leader balancing (kafka.controller.KafkaController)
[2017-12-13 19:49:15,580] DEBUG [Controller id=0] Preferred replicas by broker Map(0 -> Map(__consumer_offsets-19 -> Vector(0), __consumer_offsets-30 -> Vector(0), __consumer_offsets-47 -> Vector(0), __consumer_offsets-29 -> Vector(0), __consumer_offsets-41 -> Vector(0), __consumer_offsets-39 -> Vector(0), __consumer_offsets-10 -> Vector(0), __consumer_offsets-17 -> Vector(0), __consumer_offsets-14 -> Vector(0), __consumer_offsets-40 -> Vector(0), __consumer_offsets-18 -> Vector(0), __consumer_offsets-26 -> Vector(0), __consumer_offsets-0 -> Vector(0), __consumer_offsets-24 -> Vector(0), __consumer_offsets-33 -> Vector(0), __consumer_offsets-20 -> Vector(0), __consumer_offsets-21 -> Vector(0), __consumer_offsets-3 -> Vector(0), __consumer_offsets-22 -> Vector(0), __consumer_offsets-5 -> Vector(0), __consumer_offsets-12 -> Vector(0), topic2-0 -> Vector(0), __consumer_offsets-8 -> Vector(0), __consumer_offsets-23 -> Vector(0), __consumer_offsets-15 -> Vector(0), __consumer_offsets-11 -> Vector(0), __consumer_offsets-48 -> Vector(0), __consumer_offsets-13 -> Vector(0), __consumer_offsets-49 -> Vector(0), __consumer_offsets-6 -> Vector(0), __consumer_offsets-28 -> Vector(0), __consumer_offsets-4 -> Vector(0), __consumer_offsets-37 -> Vector(0), __consumer_offsets-31 -> Vector(0), __consumer_offsets-44 -> Vector(0), __consumer_offsets-42 -> Vector(0), __consumer_offsets-34 -> Vector(0), topic1-0 -> Vector(0), __consumer_offsets-46 -> Vector(0), __consumer_offsets-25 -> Vector(0), __consumer_offsets-45 -> Vector(0), __consumer_offsets-27 -> Vector(0), __consumer_offsets-32 -> Vector(0), __consumer_offsets-43 -> Vector(0), __consumer_offsets-36 -> Vector(0), __consumer_offsets-35 -> Vector(0), __consumer_offsets-7 -> Vector(0), test-0 -> Vector(0), __consumer_offsets-38 -> Vector(0), __consumer_offsets-9 -> Vector(0), __consumer_offsets-1 -> Vector(0), __consumer_offsets-2 -> Vector(0), __consumer_offsets-16 -> Vector(0))) (kafka.controller.KafkaController)
[2017-12-13 19:49:15,580] DEBUG [Controller id=0] Topics not in preferred replica Map() (kafka.controller.KafkaController)
[2017-12-13 19:49:15,580] TRACE [Controller id=0] Leader imbalance ratio for broker 0 is 0.0 (kafka.controller.KafkaController)
